<?xml version="1.0" encoding="UTF-8"?>
<!-- Generated by org.testng.reporters.JUnitReportReporter -->
<testsuite hostname="VAIO" name="jen.YahooTest" tests="1" failures="0" timestamp="27 Aug 2014 14:24:04 GMT" time="20.493" errors="0">
  <testcase name="testGoogle" time="20.493" classname="jen.YahooTest"/>
</testsuite> <!-- jen.YahooTest -->
