<?xml version="1.0" encoding="UTF-8"?>
<!-- Generated by org.testng.reporters.JUnitReportReporter -->
<testsuite hostname="VAIO" name="jen.GoogleTest" tests="1" failures="0" timestamp="27 Aug 2014 14:24:04 GMT" time="17.972" errors="0">
  <testcase name="testGoogle" time="17.972" classname="jen.GoogleTest"/>
</testsuite> <!-- jen.GoogleTest -->
